<?xml version="1.0" encoding="UTF-8"?>
<!-- Generated by org.testng.reporters.JUnitReportReporter -->
<testsuite hostname="DESKTOP-5G4IKES" failures="0" tests="4" name="api.test.UserTests" time="8.759" errors="0" timestamp="2024-03-15T15:31:06 IST" skipped="0">
  <testcase classname="api.test.UserTests" name="testPostUser" time="3.747"/>
  <system-out/>
  <testcase classname="api.test.UserTests" name="testGetUserByName" time="1.101"/>
  <system-out/>
  <testcase classname="api.test.UserTests" name="testUpdateUserByName" time="2.473"/>
  <system-out/>
  <testcase classname="api.test.UserTests" name="testDeleteUserByName" time="1.438"/>
  <system-out/>
</testsuite> <!-- api.test.UserTests -->
