<?xml version="1.0" encoding="UTF-8"?>
<!-- Generated by org.testng.reporters.JUnitReportReporter -->
<testsuite hostname="DESKTOP-5G4IKES" failures="0" tests="4" name="api.test.UserTests2" time="7.691" errors="0" timestamp="2024-03-15T16:14:41 IST" skipped="0">
  <testcase classname="api.test.UserTests2" name="testPostUser" time="3.376"/>
  <system-out/>
  <testcase classname="api.test.UserTests2" name="testGetUserByName" time="1.100"/>
  <system-out/>
  <testcase classname="api.test.UserTests2" name="testUpdateUserByName" time="2.141"/>
  <system-out/>
  <testcase classname="api.test.UserTests2" name="testDeleteUserByName" time="1.074"/>
  <system-out/>
</testsuite> <!-- api.test.UserTests2 -->
