<?xml version="1.0" encoding="UTF-8"?>
<!-- Generated by org.testng.reporters.JUnitReportReporter -->
<testsuite hostname="DESKTOP-5G4IKES" failures="0" tests="4" name="api.test.UserTests2" time="7.710" errors="0" timestamp="2024-03-15T15:59:02 IST" skipped="0">
  <testcase classname="api.test.UserTests2" name="testPostUser" time="3.382"/>
  <system-out/>
  <testcase classname="api.test.UserTests2" name="testGetUserByName" time="1.075"/>
  <system-out/>
  <testcase classname="api.test.UserTests2" name="testUpdateUserByName" time="2.144"/>
  <system-out/>
  <testcase classname="api.test.UserTests2" name="testDeleteUserByName" time="1.109"/>
  <system-out/>
</testsuite> <!-- api.test.UserTests2 -->
