<?xml version="1.0" encoding="UTF-8"?>
<!-- Generated by org.testng.reporters.JUnitReportReporter -->
<testsuite hostname="DESKTOP-5G4IKES" failures="0" tests="4" name="api.test.UserTests2" time="8.054" errors="0" timestamp="2024-03-15T16:30:19 IST" skipped="0">
  <testcase classname="api.test.UserTests2" name="testPostUser" time="3.131"/>
  <system-out/>
  <testcase classname="api.test.UserTests2" name="testGetUserByName" time="1.241"/>
  <system-out/>
  <testcase classname="api.test.UserTests2" name="testUpdateUserByName" time="2.535"/>
  <system-out/>
  <testcase classname="api.test.UserTests2" name="testDeleteUserByName" time="1.147"/>
  <system-out/>
</testsuite> <!-- api.test.UserTests2 -->
