<?xml version="1.0" encoding="UTF-8"?>
<!-- Generated by org.testng.reporters.JUnitReportReporter -->
<testsuite hostname="DESKTOP-5G4IKES" failures="0" tests="4" name="api.test.UserTests2" time="8.563" errors="0" timestamp="2024-03-15T16:48:29 IST" skipped="0">
  <testcase classname="api.test.UserTests2" name="testPostUser" time="3.545"/>
  <system-out/>
  <testcase classname="api.test.UserTests2" name="testGetUserByName" time="1.115"/>
  <system-out/>
  <testcase classname="api.test.UserTests2" name="testUpdateUserByName" time="2.645"/>
  <system-out/>
  <testcase classname="api.test.UserTests2" name="testDeleteUserByName" time="1.258"/>
  <system-out/>
</testsuite> <!-- api.test.UserTests2 -->
